<?xml version="1.0" encoding="UTF-8"?>
<!-- Generated by org.testng.reporters.JUnitXMLReporter -->
<testsuite hostname="DESKTOP-02PVVJC" ignored="0" name="Splatoon" tests="6" failures="0" timestamp="2021-09-13T13:32:14 CDT" time="91.484" errors="0">
  <testcase name="test" time="14.211" classname="com.santokart.splatoon.tests.SplatoonTest"/>
  <testcase name="test" time="12.727" classname="com.santokart.splatoon.tests.SplatoonTest"/>
  <testcase name="test" time="11.664" classname="com.santokart.splatoon.tests.SplatoonTest"/>
  <testcase name="test" time="11.106" classname="com.santokart.splatoon.tests.SplatoonTest"/>
  <testcase name="test" time="10.567" classname="com.santokart.splatoon.tests.SplatoonTest"/>
  <testcase name="test" time="12.372" classname="com.santokart.splatoon.tests.SplatoonTest"/>
</testsuite> <!-- Splatoon -->
