<?xml version="1.0" encoding="UTF-8"?>
<testng-results skipped="0" failed="0" ignored="0" total="1" passed="1">
  <reporter-output>
  </reporter-output>
  <suite name="SplatoonTest" duration-ms="22038" started-at="2021-09-13T15:50:55Z" finished-at="2021-09-13T15:51:17Z">
    <groups>
    </groups>
    <test name="Splatoon" duration-ms="22038" started-at="2021-09-13T15:50:55Z" finished-at="2021-09-13T15:51:17Z">
      <class name="com.santokart.splatoon.tests.SplatoonTest">
        <test-method status="PASS" signature="before()[pri:0, instance:com.santokart.splatoon.tests.SplatoonTest@5f375618]" name="before" is-config="true" duration-ms="6359" started-at="2021-09-13T15:50:55Z" finished-at="2021-09-13T15:51:02Z">
          <reporter-output>
          </reporter-output>
        </test-method> <!-- before -->
        <test-method status="PASS" signature="test(java.lang.String)[pri:0, instance:com.santokart.splatoon.tests.SplatoonTest@5f375618]" name="test" duration-ms="14222" started-at="2021-09-13T15:51:02Z" finished-at="2021-09-13T15:51:16Z">
          <params>
            <param index="0">
              <value>
                <![CDATA[Marie]]>
              </value>
            </param>
          </params>
          <reporter-output>
          </reporter-output>
        </test-method> <!-- test -->
        <test-method status="PASS" signature="after()[pri:0, instance:com.santokart.splatoon.tests.SplatoonTest@5f375618]" name="after" is-config="true" duration-ms="1440" started-at="2021-09-13T15:51:16Z" finished-at="2021-09-13T15:51:17Z">
          <reporter-output>
          </reporter-output>
        </test-method> <!-- after -->
      </class> <!-- com.santokart.splatoon.tests.SplatoonTest -->
    </test> <!-- Splatoon -->
  </suite> <!-- SplatoonTest -->
</testng-results>
