<?xml version="1.0" encoding="UTF-8"?>
<testng-results skipped="0" failed="0" ignored="0" total="6" passed="6">
  <reporter-output>
  </reporter-output>
  <suite name="SplatoonTest" duration-ms="91484" started-at="2021-09-13T13:30:43 CDT" finished-at="2021-09-13T13:32:14 CDT">
    <groups>
    </groups>
    <test name="Splatoon" duration-ms="91484" started-at="2021-09-13T13:30:43 CDT" finished-at="2021-09-13T13:32:14 CDT">
      <class name="com.santokart.splatoon.tests.SplatoonTest">
        <test-method status="PASS" signature="before()[pri:0, instance:com.santokart.splatoon.tests.SplatoonTest@c46bcd4]" name="before" is-config="true" duration-ms="2884" started-at="2021-09-13T13:30:43 CDT" finished-at="2021-09-13T13:30:45 CDT">
          <reporter-output>
          </reporter-output>
        </test-method> <!-- before -->
        <test-method status="PASS" signature="test(java.lang.String)[pri:0, instance:com.santokart.splatoon.tests.SplatoonTest@c46bcd4]" name="test" duration-ms="14211" started-at="2021-09-13T13:30:45 CDT" data-provider="getData" finished-at="2021-09-13T13:31:00 CDT">
          <params>
            <param index="0">
              <value>
                <![CDATA[Callie]]>
              </value>
            </param>
          </params>
          <reporter-output>
          </reporter-output>
        </test-method> <!-- test -->
        <test-method status="PASS" signature="after()[pri:0, instance:com.santokart.splatoon.tests.SplatoonTest@c46bcd4]" name="after" is-config="true" duration-ms="784" started-at="2021-09-13T13:31:00 CDT" finished-at="2021-09-13T13:31:00 CDT">
          <reporter-output>
          </reporter-output>
        </test-method> <!-- after -->
        <test-method status="PASS" signature="before()[pri:0, instance:com.santokart.splatoon.tests.SplatoonTest@c46bcd4]" name="before" is-config="true" duration-ms="2127" started-at="2021-09-13T13:31:00 CDT" finished-at="2021-09-13T13:31:03 CDT">
          <reporter-output>
          </reporter-output>
        </test-method> <!-- before -->
        <test-method status="PASS" signature="test(java.lang.String)[pri:0, instance:com.santokart.splatoon.tests.SplatoonTest@c46bcd4]" name="test" duration-ms="12727" started-at="2021-09-13T13:31:03 CDT" data-provider="getData" finished-at="2021-09-13T13:31:15 CDT">
          <params>
            <param index="0">
              <value>
                <![CDATA[Marie]]>
              </value>
            </param>
          </params>
          <reporter-output>
          </reporter-output>
        </test-method> <!-- test -->
        <test-method status="PASS" signature="after()[pri:0, instance:com.santokart.splatoon.tests.SplatoonTest@c46bcd4]" name="after" is-config="true" duration-ms="993" started-at="2021-09-13T13:31:15 CDT" finished-at="2021-09-13T13:31:16 CDT">
          <reporter-output>
          </reporter-output>
        </test-method> <!-- after -->
        <test-method status="PASS" signature="before()[pri:0, instance:com.santokart.splatoon.tests.SplatoonTest@c46bcd4]" name="before" is-config="true" duration-ms="2014" started-at="2021-09-13T13:31:16 CDT" finished-at="2021-09-13T13:31:18 CDT">
          <reporter-output>
          </reporter-output>
        </test-method> <!-- before -->
        <test-method status="PASS" signature="test(java.lang.String)[pri:0, instance:com.santokart.splatoon.tests.SplatoonTest@c46bcd4]" name="test" duration-ms="11664" started-at="2021-09-13T13:31:18 CDT" data-provider="getData" finished-at="2021-09-13T13:31:30 CDT">
          <params>
            <param index="0">
              <value>
                <![CDATA[DJ Octavio]]>
              </value>
            </param>
          </params>
          <reporter-output>
          </reporter-output>
        </test-method> <!-- test -->
        <test-method status="PASS" signature="after()[pri:0, instance:com.santokart.splatoon.tests.SplatoonTest@c46bcd4]" name="after" is-config="true" duration-ms="707" started-at="2021-09-13T13:31:30 CDT" finished-at="2021-09-13T13:31:31 CDT">
          <reporter-output>
          </reporter-output>
        </test-method> <!-- after -->
        <test-method status="PASS" signature="before()[pri:0, instance:com.santokart.splatoon.tests.SplatoonTest@c46bcd4]" name="before" is-config="true" duration-ms="1416" started-at="2021-09-13T13:31:31 CDT" finished-at="2021-09-13T13:31:32 CDT">
          <reporter-output>
          </reporter-output>
        </test-method> <!-- before -->
        <test-method status="PASS" signature="test(java.lang.String)[pri:0, instance:com.santokart.splatoon.tests.SplatoonTest@c46bcd4]" name="test" duration-ms="11106" started-at="2021-09-13T13:31:32 CDT" data-provider="getData" finished-at="2021-09-13T13:31:43 CDT">
          <params>
            <param index="0">
              <value>
                <![CDATA[Cap'n Cuttlefish]]>
              </value>
            </param>
          </params>
          <reporter-output>
          </reporter-output>
        </test-method> <!-- test -->
        <test-method status="PASS" signature="after()[pri:0, instance:com.santokart.splatoon.tests.SplatoonTest@c46bcd4]" name="after" is-config="true" duration-ms="851" started-at="2021-09-13T13:31:43 CDT" finished-at="2021-09-13T13:31:44 CDT">
          <reporter-output>
          </reporter-output>
        </test-method> <!-- after -->
        <test-method status="PASS" signature="before()[pri:0, instance:com.santokart.splatoon.tests.SplatoonTest@c46bcd4]" name="before" is-config="true" duration-ms="2199" started-at="2021-09-13T13:31:44 CDT" finished-at="2021-09-13T13:31:46 CDT">
          <reporter-output>
          </reporter-output>
        </test-method> <!-- before -->
        <test-method status="PASS" signature="test(java.lang.String)[pri:0, instance:com.santokart.splatoon.tests.SplatoonTest@c46bcd4]" name="test" duration-ms="10567" started-at="2021-09-13T13:31:46 CDT" data-provider="getData" finished-at="2021-09-13T13:31:57 CDT">
          <params>
            <param index="0">
              <value>
                <![CDATA[Agent 4]]>
              </value>
            </param>
          </params>
          <reporter-output>
          </reporter-output>
        </test-method> <!-- test -->
        <test-method status="PASS" signature="after()[pri:0, instance:com.santokart.splatoon.tests.SplatoonTest@c46bcd4]" name="after" is-config="true" duration-ms="1047" started-at="2021-09-13T13:31:57 CDT" finished-at="2021-09-13T13:31:58 CDT">
          <reporter-output>
          </reporter-output>
        </test-method> <!-- after -->
        <test-method status="PASS" signature="before()[pri:0, instance:com.santokart.splatoon.tests.SplatoonTest@c46bcd4]" name="before" is-config="true" duration-ms="2238" started-at="2021-09-13T13:31:58 CDT" finished-at="2021-09-13T13:32:00 CDT">
          <reporter-output>
          </reporter-output>
        </test-method> <!-- before -->
        <test-method status="PASS" signature="test(java.lang.String)[pri:0, instance:com.santokart.splatoon.tests.SplatoonTest@c46bcd4]" name="test" duration-ms="12372" started-at="2021-09-13T13:32:00 CDT" data-provider="getData" finished-at="2021-09-13T13:32:13 CDT">
          <params>
            <param index="0">
              <value>
                <![CDATA[Marina]]>
              </value>
            </param>
          </params>
          <reporter-output>
          </reporter-output>
        </test-method> <!-- test -->
        <test-method status="PASS" signature="after()[pri:0, instance:com.santokart.splatoon.tests.SplatoonTest@c46bcd4]" name="after" is-config="true" duration-ms="1538" started-at="2021-09-13T13:32:13 CDT" finished-at="2021-09-13T13:32:14 CDT">
          <reporter-output>
          </reporter-output>
        </test-method> <!-- after -->
      </class> <!-- com.santokart.splatoon.tests.SplatoonTest -->
    </test> <!-- Splatoon -->
  </suite> <!-- SplatoonTest -->
</testng-results>
